<?xml version="1.0" encoding="UTF-8"?>
<!-- Generated by org.testng.reporters.JUnitXMLReporter -->
<testsuite ignored="0" hostname="PTDVN220045" failures="0" tests="3" name="Order Product" time="6.155" errors="0" timestamp="2023-06-09T09:49:06 ICT">
  <testcase classname="org.rahulshettyacademy.TestUtils.AndroidBaseTest" name="@BeforeClass ConfigAppium" time="5.848">
    <failure type="org.openqa.selenium.SessionNotCreatedException" message="Could not start a new session. Response code 500. Message: An unknown server-side error occurred while processing the command. Original error: Could not find a driver for automationName &amp;apos;UIAutomator2&amp;apos; and platformName &amp;apos;ANDROID&amp;apos;. Have you installed a driver that supports those capabilities? Run &amp;apos;appium driver list --installed&amp;apos; to see. (Lower-level error: Could not find installed driver to support given caps) 
Host info: host: &amp;apos;PTDVN220045&amp;apos;, ip: &amp;apos;192.168.1.101&amp;apos;
Build info: version: &amp;apos;4.10.0&amp;apos;, revision: &amp;apos;c14d967899&amp;apos;
System info: os.name: &amp;apos;Windows 10&amp;apos;, os.arch: &amp;apos;amd64&amp;apos;, os.version: &amp;apos;10.0&amp;apos;, java.version: &amp;apos;11.0.18&amp;apos;
Driver info: io.appium.java_client.android.AndroidDriver
Command: [null, newSession {capabilities=[{appium:chromedriverExecutable=C://Users//ty338158//Documents//chromedriver_83.0.4103//chromedriver.exe, appium:deviceName=Nexus 6 API 30, platformName=ANDROID, appium:automationName=UIAutomator2, appium:app=C:\Users\ty338158\eclipse-workspace_new\AppiumFrameworkDesign//src//test//java//resources//General-Store.apk}], desiredCapabilities=Capabilities {appium:app: C:\Users\ty338158\eclipse-w..., appium:automationName: UIAutomator2, appium:chromedriverExecutable: C://Users//ty338158//Docume..., appium:deviceName: Nexus 6 API 30, platformName: ANDROID}}]
Capabilities {appium:app: C:\Users\ty338158\eclipse-w..., appium:automationName: UIAutomator2, appium:chromedriverExecutable: C://Users//ty338158//Docume..., appium:deviceName: Nexus 6 API 30, platformName: ANDROID}">
      <![CDATA[org.openqa.selenium.SessionNotCreatedException: Could not start a new session. Response code 500. Message: An unknown server-side error occurred while processing the command. Original error: Could not find a driver for automationName 'UIAutomator2' and platformName 'ANDROID'. Have you installed a driver that supports those capabilities? Run 'appium driver list --installed' to see. (Lower-level error: Could not find installed driver to support given caps) 
Host info: host: 'PTDVN220045', ip: '192.168.1.101'
Build info: version: '4.10.0', revision: 'c14d967899'
System info: os.name: 'Windows 10', os.arch: 'amd64', os.version: '10.0', java.version: '11.0.18'
Driver info: io.appium.java_client.android.AndroidDriver
Command: [null, newSession {capabilities=[{appium:chromedriverExecutable=C://Users//ty338158//Documents//chromedriver_83.0.4103//chromedriver.exe, appium:deviceName=Nexus 6 API 30, platformName=ANDROID, appium:automationName=UIAutomator2, appium:app=C:\Users\ty338158\eclipse-workspace_new\AppiumFrameworkDesign//src//test//java//resources//General-Store.apk}], desiredCapabilities=Capabilities {appium:app: C:\Users\ty338158\eclipse-w..., appium:automationName: UIAutomator2, appium:chromedriverExecutable: C://Users//ty338158//Docume..., appium:deviceName: Nexus 6 API 30, platformName: ANDROID}}]
Capabilities {appium:app: C:\Users\ty338158\eclipse-w..., appium:automationName: UIAutomator2, appium:chromedriverExecutable: C://Users//ty338158//Docume..., appium:deviceName: Nexus 6 API 30, platformName: ANDROID}
at org.openqa.selenium.remote.ProtocolHandshake.createSession(ProtocolHandshake.java:140)
at io.appium.java_client.remote.AppiumProtocolHandshake.createSession(AppiumProtocolHandshake.java:133)
at io.appium.java_client.remote.AppiumProtocolHandshake.createSession(AppiumProtocolHandshake.java:102)
at io.appium.java_client.remote.AppiumCommandExecutor.createSession(AppiumCommandExecutor.java:182)
at io.appium.java_client.remote.AppiumCommandExecutor.execute(AppiumCommandExecutor.java:250)
at org.openqa.selenium.remote.RemoteWebDriver.execute(RemoteWebDriver.java:531)
at io.appium.java_client.AppiumDriver.startSession(AppiumDriver.java:274)
at org.openqa.selenium.remote.RemoteWebDriver.<init>(RemoteWebDriver.java:154)
at io.appium.java_client.AppiumDriver.<init>(AppiumDriver.java:89)
at io.appium.java_client.AppiumDriver.<init>(AppiumDriver.java:101)
at io.appium.java_client.android.AndroidDriver.<init>(AndroidDriver.java:113)
at org.rahulshettyacademy.TestUtils.AndroidBaseTest.ConfigAppium(AndroidBaseTest.java:53)
at java.base/java.util.ArrayList.forEach(ArrayList.java:1541)
... Removed 33 stack frames]]>
    </failure>
  </testcase> <!-- @BeforeClass ConfigAppium -->
  <testcase classname="org.rahulshettyacademy.eCommerce_tc_4_hybrid" name="@BeforeMethod preSetup" time="0.001">
    <failure type="java.lang.NullPointerException">
      <![CDATA[java.lang.NullPointerException
at org.rahulshettyacademy.eCommerce_tc_4_hybrid.preSetup(eCommerce_tc_4_hybrid.java:50)
at java.base/java.util.ArrayList.forEach(ArrayList.java:1541)
... Removed 35 stack frames]]>
    </failure>
  </testcase> <!-- @BeforeMethod preSetup -->
  <testcase classname="org.rahulshettyacademy.eCommerce_tc_4_hybrid" name="@BeforeMethod preSetup" time="0.0">
    <failure type="java.lang.NullPointerException">
      <![CDATA[java.lang.NullPointerException
at org.rahulshettyacademy.eCommerce_tc_4_hybrid.preSetup(eCommerce_tc_4_hybrid.java:50)
at java.base/java.util.ArrayList.forEach(ArrayList.java:1541)
... Removed 35 stack frames]]>
    </failure>
  </testcase> <!-- @BeforeMethod preSetup -->
  <testcase classname="org.rahulshettyacademy.eCommerce_tc_4_hybrid" name="@BeforeMethod preSetup" time="0.001">
    <failure type="java.lang.NullPointerException">
      <![CDATA[java.lang.NullPointerException
at org.rahulshettyacademy.eCommerce_tc_4_hybrid.preSetup(eCommerce_tc_4_hybrid.java:50)
at java.base/java.util.ArrayList.forEach(ArrayList.java:1541)
... Removed 35 stack frames]]>
    </failure>
  </testcase> <!-- @BeforeMethod preSetup -->
  <testcase classname="org.rahulshettyacademy.TestUtils.AndroidBaseTest" name="@AfterClass tearDown" time="0.0">
    <failure type="java.lang.NullPointerException">
      <![CDATA[java.lang.NullPointerException
at org.rahulshettyacademy.TestUtils.AndroidBaseTest.tearDown(AndroidBaseTest.java:64)
at java.base/java.util.ArrayList.forEach(ArrayList.java:1541)
... Removed 29 stack frames]]>
    </failure>
  </testcase> <!-- @AfterClass tearDown -->
  <testcase classname="org.rahulshettyacademy.eCommerce_tc_4_hybrid" name="FillForm" time="0.0">
    <skipped/>
  </testcase> <!-- FillForm -->
  <testcase classname="org.rahulshettyacademy.eCommerce_tc_4_hybrid" name="FillForm" time="0.0">
    <skipped/>
  </testcase> <!-- FillForm -->
  <testcase classname="org.rahulshettyacademy.eCommerce_tc_4_hybrid" name="FillForm" time="0.0">
    <skipped/>
  </testcase> <!-- FillForm -->
</testsuite> <!-- Order Product -->
